<?xml version="1.0" encoding="UTF-8"?>
<!-- Generated by org.testng.reporters.JUnitReportReporter -->
<testsuite hostname="GUR00004638L" name="com.amazon.test.testcases.SearchandAdditemTestCase" tests="1" failures="0" timestamp="16 Jun 2019 20:48:41 GMT" time="63.480" errors="0">
  <testcase name="serachandAddItemtoCart" time="63.480" classname="com.amazon.test.testcases.SearchandAdditemTestCase"/>
</testsuite> <!-- com.amazon.test.testcases.SearchandAdditemTestCase -->
