<?xml version="1.0" encoding="UTF-8"?>
<!-- Generated by org.testng.reporters.JUnitReportReporter -->
<testsuite hostname="GUR00004638L" name="com.amazon.test.testcases.LoginTestCase" tests="2" failures="0" timestamp="16 Jun 2019 20:48:41 GMT" time="40.035" errors="0">
  <testcase name="logoutFromAmazonAccount" time="21.461" classname="com.amazon.test.testcases.LoginTestCase"/>
  <testcase name="loginToAmazonAccount" time="18.574" classname="com.amazon.test.testcases.LoginTestCase"/>
</testsuite> <!-- com.amazon.test.testcases.LoginTestCase -->
